<?xml version="1.0" encoding="UTF-8"?>
<testsuite xmlns:xsi="http://www.w3.org/2001/XMLSchema-instance" xsi:noNamespaceSchemaLocation="https://maven.apache.org/surefire/maven-surefire-plugin/xsd/surefire-test-report.xsd" version="3.0.1" name="studia.Board.BoardTest" time="0.048" tests="3" errors="0" skipped="0" failures="0">
  <properties>
    <property name="java.specification.version" value="21"/>
    <property name="sun.jnu.encoding" value="UTF-8"/>
    <property name="java.class.path" value="/home/joel/Documents/studia/tech_prog/halma-game/target/test-classes:/home/joel/Documents/studia/tech_prog/halma-game/target/classes:/home/joel/.m2/repository/org/junit/jupiter/junit-jupiter-api/5.11.0/junit-jupiter-api-5.11.0.jar:/home/joel/.m2/repository/org/opentest4j/opentest4j/1.3.0/opentest4j-1.3.0.jar:/home/joel/.m2/repository/org/junit/platform/junit-platform-commons/1.11.0/junit-platform-commons-1.11.0.jar:/home/joel/.m2/repository/org/apiguardian/apiguardian-api/1.1.2/apiguardian-api-1.1.2.jar:/home/joel/.m2/repository/org/junit/jupiter/junit-jupiter-params/5.11.0/junit-jupiter-params-5.11.0.jar:"/>
    <property name="java.vm.vendor" value="Oracle Corporation"/>
    <property name="sun.arch.data.model" value="64"/>
    <property name="java.vendor.url" value="https://java.oracle.com/"/>
    <property name="os.name" value="Linux"/>
    <property name="java.vm.specification.version" value="21"/>
    <property name="sun.java.launcher" value="SUN_STANDARD"/>
    <property name="user.country" value="US"/>
    <property name="sun.boot.library.path" value="/usr/lib/jvm/jdk-21-oracle-x64/lib"/>
    <property name="sun.java.command" value="/home/joel/Documents/studia/tech_prog/halma-game/target/surefire/surefirebooter-20241206020004457_3.jar /home/joel/Documents/studia/tech_prog/halma-game/target/surefire 2024-12-06T02-00-04_380-jvmRun1 surefire-20241206020004457_1tmp surefire_0-20241206020004457_2tmp"/>
    <property name="jdk.debug" value="release"/>
    <property name="surefire.test.class.path" value="/home/joel/Documents/studia/tech_prog/halma-game/target/test-classes:/home/joel/Documents/studia/tech_prog/halma-game/target/classes:/home/joel/.m2/repository/org/junit/jupiter/junit-jupiter-api/5.11.0/junit-jupiter-api-5.11.0.jar:/home/joel/.m2/repository/org/opentest4j/opentest4j/1.3.0/opentest4j-1.3.0.jar:/home/joel/.m2/repository/org/junit/platform/junit-platform-commons/1.11.0/junit-platform-commons-1.11.0.jar:/home/joel/.m2/repository/org/apiguardian/apiguardian-api/1.1.2/apiguardian-api-1.1.2.jar:/home/joel/.m2/repository/org/junit/jupiter/junit-jupiter-params/5.11.0/junit-jupiter-params-5.11.0.jar:"/>
    <property name="sun.cpu.endian" value="little"/>
    <property name="user.home" value="/home/joel"/>
    <property name="user.language" value="en"/>
    <property name="java.specification.vendor" value="Oracle Corporation"/>
    <property name="java.version.date" value="2024-01-16"/>
    <property name="java.home" value="/usr/lib/jvm/jdk-21-oracle-x64"/>
    <property name="file.separator" value="/"/>
    <property name="basedir" value="/home/joel/Documents/studia/tech_prog/halma-game"/>
    <property name="java.vm.compressedOopsMode" value="Zero based"/>
    <property name="line.separator" value="&#10;"/>
    <property name="java.specification.name" value="Java Platform API Specification"/>
    <property name="java.vm.specification.vendor" value="Oracle Corporation"/>
    <property name="surefire.real.class.path" value="/home/joel/Documents/studia/tech_prog/halma-game/target/surefire/surefirebooter-20241206020004457_3.jar"/>
    <property name="sun.management.compiler" value="HotSpot 64-Bit Tiered Compilers"/>
    <property name="java.runtime.version" value="21.0.2+13-LTS-58"/>
    <property name="user.name" value="joel"/>
    <property name="stdout.encoding" value="UTF-8"/>
    <property name="path.separator" value=":"/>
    <property name="os.version" value="5.15.0-125-generic"/>
    <property name="java.runtime.name" value="Java(TM) SE Runtime Environment"/>
    <property name="file.encoding" value="UTF-8"/>
    <property name="java.vm.name" value="Java HotSpot(TM) 64-Bit Server VM"/>
    <property name="localRepository" value="/home/joel/.m2/repository"/>
    <property name="java.vendor.url.bug" value="https://bugreport.java.com/bugreport/"/>
    <property name="java.io.tmpdir" value="/tmp"/>
    <property name="java.version" value="21.0.2"/>
    <property name="user.dir" value="/home/joel/Documents/studia/tech_prog/halma-game"/>
    <property name="os.arch" value="amd64"/>
    <property name="java.vm.specification.name" value="Java Virtual Machine Specification"/>
    <property name="native.encoding" value="UTF-8"/>
    <property name="java.library.path" value="/opt/ros/foxy/opt/yaml_cpp_vendor/lib:/opt/ros/foxy/opt/rviz_ogre_vendor/lib:/opt/ros/foxy/lib/x86_64-linux-gnu:/opt/ros/foxy/lib:/usr/java/packages/lib:/usr/lib64:/lib64:/lib:/usr/lib"/>
    <property name="java.vm.info" value="mixed mode, sharing"/>
    <property name="stderr.encoding" value="UTF-8"/>
    <property name="java.vendor" value="Oracle Corporation"/>
    <property name="java.vm.version" value="21.0.2+13-LTS-58"/>
    <property name="sun.io.unicode.encoding" value="UnicodeLittle"/>
    <property name="java.class.version" value="65.0"/>
  </properties>
  <testcase name="testMovingPawns" classname="studia.Board.BoardTest" time="0.021">
    <system-out><![CDATA[                        &amp#27;[38;5;1m012&amp#27;[0m                        
                      &amp#27;[38;5;1m036&amp#27;[0m &amp#27;[38;5;1m038&amp#27;[0m                     
                    &amp#27;[38;5;1m060&amp#27;[0m &amp#27;[38;5;1m062&amp#27;[0m &amp#27;[38;5;1m064&amp#27;[0m                    
                  &amp#27;[38;5;1m084&amp#27;[0m &amp#27;[38;5;1m086&amp#27;[0m 088 &amp#27;[38;5;1m090&amp#27;[0m                 
&amp#27;[38;5;6m100&amp#27;[0m &amp#27;[38;5;6m102&amp#27;[0m &amp#27;[38;5;6m104&amp#27;[0m &amp#27;[38;5;6m106&amp#27;[0m 108 110 112 &amp#27;[38;5;1m114&amp#27;[0m 116 &amp#27;[38;5;2m118&amp#27;[0m &amp#27;[38;5;2m120&amp#27;[0m &amp#27;[38;5;2m122&amp#27;[0m &amp#27;[38;5;2m124&amp#27;[0m
  &amp#27;[38;5;6m126&amp#27;[0m &amp#27;[38;5;6m128&amp#27;[0m &amp#27;[38;5;6m130&amp#27;[0m 132 134 136 138 140 142 &amp#27;[38;5;2m144&amp#27;[0m &amp#27;[38;5;2m146&amp#27;[0m &amp#27;[38;5;2m148&amp#27;[0m 
    &amp#27;[38;5;6m152&amp#27;[0m &amp#27;[38;5;6m154&amp#27;[0m 156 158 160 162 164 166 168 &amp#27;[38;5;2m170&amp#27;[0m &amp#27;[38;5;2m172&amp#27;[0m    
      &amp#27;[38;5;6m178&amp#27;[0m 180 182 184 186 188 190 192 194 &amp#27;[38;5;2m196&amp#27;[0m     
        204 206 208 210 212 214 216 218 220        
      &amp#27;[38;5;5m228&amp#27;[0m 230 232 234 236 238 240 242 244 &amp#27;[38;5;3m246&amp#27;[0m     
    &amp#27;[38;5;5m252&amp#27;[0m &amp#27;[38;5;5m254&amp#27;[0m 256 258 260 262 264 266 268 &amp#27;[38;5;3m270&amp#27;[0m &amp#27;[38;5;3m272&amp#27;[0m    
  &amp#27;[38;5;5m276&amp#27;[0m &amp#27;[38;5;5m278&amp#27;[0m &amp#27;[38;5;5m280&amp#27;[0m 282 284 286 288 290 292 &amp#27;[38;5;3m294&amp#27;[0m &amp#27;[38;5;3m296&amp#27;[0m &amp#27;[38;5;3m298&amp#27;[0m 
&amp#27;[38;5;5m300&amp#27;[0m &amp#27;[38;5;5m302&amp#27;[0m &amp#27;[38;5;5m304&amp#27;[0m &amp#27;[38;5;5m306&amp#27;[0m 308 310 312 314 316 &amp#27;[38;5;3m318&amp#27;[0m &amp#27;[38;5;3m320&amp#27;[0m &amp#27;[38;5;3m322&amp#27;[0m &amp#27;[38;5;3m324&amp#27;[0m
                  &amp#27;[38;5;4m334&amp#27;[0m &amp#27;[38;5;4m336&amp#27;[0m &amp#27;[38;5;4m338&amp#27;[0m &amp#27;[38;5;4m340&amp#27;[0m                 
                    &amp#27;[38;5;4m360&amp#27;[0m &amp#27;[38;5;4m362&amp#27;[0m &amp#27;[38;5;4m364&amp#27;[0m                    
                      &amp#27;[38;5;4m386&amp#27;[0m &amp#27;[38;5;4m388&amp#27;[0m                     
                        &amp#27;[38;5;4m412&amp#27;[0m                        
]]></system-out>
  </testcase>
  <testcase name="testBuildingBoardForEveryPlayerNumber" classname="studia.Board.BoardTest" time="0.016">
    <system-out><![CDATA[                        &amp#27;[38;5;1m012&amp#27;[0m                        
                      &amp#27;[38;5;1m036&amp#27;[0m &amp#27;[38;5;1m038&amp#27;[0m                     
                    &amp#27;[38;5;1m060&amp#27;[0m &amp#27;[38;5;1m062&amp#27;[0m &amp#27;[38;5;1m064&amp#27;[0m                    
                  &amp#27;[38;5;1m084&amp#27;[0m &amp#27;[38;5;1m086&amp#27;[0m &amp#27;[38;5;1m088&amp#27;[0m &amp#27;[38;5;1m090&amp#27;[0m                 
100 102 104 106 108 110 112 114 116 118 120 122 124
  126 128 130 132 134 136 138 140 142 144 146 148 
    152 154 156 158 160 162 164 166 168 170 172    
      178 180 182 184 186 188 190 192 194 196     
        204 206 208 210 212 214 216 218 220        
      228 230 232 234 236 238 240 242 244 246     
    252 254 256 258 260 262 264 266 268 270 272    
  276 278 280 282 284 286 288 290 292 294 296 298 
300 302 304 306 308 310 312 314 316 318 320 322 324
                  &amp#27;[38;5;2m334&amp#27;[0m &amp#27;[38;5;2m336&amp#27;[0m &amp#27;[38;5;2m338&amp#27;[0m &amp#27;[38;5;2m340&amp#27;[0m                 
                    &amp#27;[38;5;2m360&amp#27;[0m &amp#27;[38;5;2m362&amp#27;[0m &amp#27;[38;5;2m364&amp#27;[0m                    
                      &amp#27;[38;5;2m386&amp#27;[0m &amp#27;[38;5;2m388&amp#27;[0m                     
                        &amp#27;[38;5;2m412&amp#27;[0m                        
                        &amp#27;[38;5;1m012&amp#27;[0m                        
                      &amp#27;[38;5;1m036&amp#27;[0m &amp#27;[38;5;1m038&amp#27;[0m                     
                    &amp#27;[38;5;1m060&amp#27;[0m &amp#27;[38;5;1m062&amp#27;[0m &amp#27;[38;5;1m064&amp#27;[0m                    
                  &amp#27;[38;5;1m084&amp#27;[0m &amp#27;[38;5;1m086&amp#27;[0m &amp#27;[38;5;1m088&amp#27;[0m &amp#27;[38;5;1m090&amp#27;[0m                 
100 102 104 106 108 110 112 114 116 118 120 122 124
  126 128 130 132 134 136 138 140 142 144 146 148 
    152 154 156 158 160 162 164 166 168 170 172    
      178 180 182 184 186 188 190 192 194 196     
        204 206 208 210 212 214 216 218 220        
      &amp#27;[38;5;3m228&amp#27;[0m 230 232 234 236 238 240 242 244 &amp#27;[38;5;2m246&amp#27;[0m     
    &amp#27;[38;5;3m252&amp#27;[0m &amp#27;[38;5;3m254&amp#27;[0m 256 258 260 262 264 266 268 &amp#27;[38;5;2m270&amp#27;[0m &amp#27;[38;5;2m272&amp#27;[0m    
  &amp#27;[38;5;3m276&amp#27;[0m &amp#27;[38;5;3m278&amp#27;[0m &amp#27;[38;5;3m280&amp#27;[0m 282 284 286 288 290 292 &amp#27;[38;5;2m294&amp#27;[0m &amp#27;[38;5;2m296&amp#27;[0m &amp#27;[38;5;2m298&amp#27;[0m 
&amp#27;[38;5;3m300&amp#27;[0m &amp#27;[38;5;3m302&amp#27;[0m &amp#27;[38;5;3m304&amp#27;[0m &amp#27;[38;5;3m306&amp#27;[0m 308 310 312 314 316 &amp#27;[38;5;2m318&amp#27;[0m &amp#27;[38;5;2m320&amp#27;[0m &amp#27;[38;5;2m322&amp#27;[0m &amp#27;[38;5;2m324&amp#27;[0m
                  334 336 338 340                 
                    360 362 364                    
                      386 388                     
                        412                        
                        &amp#27;[38;5;1m012&amp#27;[0m                        
                      &amp#27;[38;5;1m036&amp#27;[0m &amp#27;[38;5;1m038&amp#27;[0m                     
                    &amp#27;[38;5;1m060&amp#27;[0m &amp#27;[38;5;1m062&amp#27;[0m &amp#27;[38;5;1m064&amp#27;[0m                    
                  &amp#27;[38;5;1m084&amp#27;[0m &amp#27;[38;5;1m086&amp#27;[0m &amp#27;[38;5;1m088&amp#27;[0m &amp#27;[38;5;1m090&amp#27;[0m                 
100 102 104 106 108 110 112 114 116 &amp#27;[38;5;2m118&amp#27;[0m &amp#27;[38;5;2m120&amp#27;[0m &amp#27;[38;5;2m122&amp#27;[0m &amp#27;[38;5;2m124&amp#27;[0m
  126 128 130 132 134 136 138 140 142 &amp#27;[38;5;2m144&amp#27;[0m &amp#27;[38;5;2m146&amp#27;[0m &amp#27;[38;5;2m148&amp#27;[0m 
    152 154 156 158 160 162 164 166 168 &amp#27;[38;5;2m170&amp#27;[0m &amp#27;[38;5;2m172&amp#27;[0m    
      178 180 182 184 186 188 190 192 194 &amp#27;[38;5;2m196&amp#27;[0m     
        204 206 208 210 212 214 216 218 220        
      &amp#27;[38;5;4m228&amp#27;[0m 230 232 234 236 238 240 242 244 246     
    &amp#27;[38;5;4m252&amp#27;[0m &amp#27;[38;5;4m254&amp#27;[0m 256 258 260 262 264 266 268 270 272    
  &amp#27;[38;5;4m276&amp#27;[0m &amp#27;[38;5;4m278&amp#27;[0m &amp#27;[38;5;4m280&amp#27;[0m 282 284 286 288 290 292 294 296 298 
&amp#27;[38;5;4m300&amp#27;[0m &amp#27;[38;5;4m302&amp#27;[0m &amp#27;[38;5;4m304&amp#27;[0m &amp#27;[38;5;4m306&amp#27;[0m 308 310 312 314 316 318 320 322 324
                  &amp#27;[38;5;3m334&amp#27;[0m &amp#27;[38;5;3m336&amp#27;[0m &amp#27;[38;5;3m338&amp#27;[0m &amp#27;[38;5;3m340&amp#27;[0m                 
                    &amp#27;[38;5;3m360&amp#27;[0m &amp#27;[38;5;3m362&amp#27;[0m &amp#27;[38;5;3m364&amp#27;[0m                    
                      &amp#27;[38;5;3m386&amp#27;[0m &amp#27;[38;5;3m388&amp#27;[0m                     
                        &amp#27;[38;5;3m412&amp#27;[0m                        
                        &amp#27;[38;5;1m012&amp#27;[0m                        
                      &amp#27;[38;5;1m036&amp#27;[0m &amp#27;[38;5;1m038&amp#27;[0m                     
                    &amp#27;[38;5;1m060&amp#27;[0m &amp#27;[38;5;1m062&amp#27;[0m &amp#27;[38;5;1m064&amp#27;[0m                    
                  &amp#27;[38;5;1m084&amp#27;[0m &amp#27;[38;5;1m086&amp#27;[0m &amp#27;[38;5;1m088&amp#27;[0m &amp#27;[38;5;1m090&amp#27;[0m                 
&amp#27;[38;5;6m100&amp#27;[0m &amp#27;[38;5;6m102&amp#27;[0m &amp#27;[38;5;6m104&amp#27;[0m &amp#27;[38;5;6m106&amp#27;[0m 108 110 112 114 116 &amp#27;[38;5;2m118&amp#27;[0m &amp#27;[38;5;2m120&amp#27;[0m &amp#27;[38;5;2m122&amp#27;[0m &amp#27;[38;5;2m124&amp#27;[0m
  &amp#27;[38;5;6m126&amp#27;[0m &amp#27;[38;5;6m128&amp#27;[0m &amp#27;[38;5;6m130&amp#27;[0m 132 134 136 138 140 142 &amp#27;[38;5;2m144&amp#27;[0m &amp#27;[38;5;2m146&amp#27;[0m &amp#27;[38;5;2m148&amp#27;[0m 
    &amp#27;[38;5;6m152&amp#27;[0m &amp#27;[38;5;6m154&amp#27;[0m 156 158 160 162 164 166 168 &amp#27;[38;5;2m170&amp#27;[0m &amp#27;[38;5;2m172&amp#27;[0m    
      &amp#27;[38;5;6m178&amp#27;[0m 180 182 184 186 188 190 192 194 &amp#27;[38;5;2m196&amp#27;[0m     
        204 206 208 210 212 214 216 218 220        
      &amp#27;[38;5;5m228&amp#27;[0m 230 232 234 236 238 240 242 244 &amp#27;[38;5;3m246&amp#27;[0m     
    &amp#27;[38;5;5m252&amp#27;[0m &amp#27;[38;5;5m254&amp#27;[0m 256 258 260 262 264 266 268 &amp#27;[38;5;3m270&amp#27;[0m &amp#27;[38;5;3m272&amp#27;[0m    
  &amp#27;[38;5;5m276&amp#27;[0m &amp#27;[38;5;5m278&amp#27;[0m &amp#27;[38;5;5m280&amp#27;[0m 282 284 286 288 290 292 &amp#27;[38;5;3m294&amp#27;[0m &amp#27;[38;5;3m296&amp#27;[0m &amp#27;[38;5;3m298&amp#27;[0m 
&amp#27;[38;5;5m300&amp#27;[0m &amp#27;[38;5;5m302&amp#27;[0m &amp#27;[38;5;5m304&amp#27;[0m &amp#27;[38;5;5m306&amp#27;[0m 308 310 312 314 316 &amp#27;[38;5;3m318&amp#27;[0m &amp#27;[38;5;3m320&amp#27;[0m &amp#27;[38;5;3m322&amp#27;[0m &amp#27;[38;5;3m324&amp#27;[0m
                  &amp#27;[38;5;4m334&amp#27;[0m &amp#27;[38;5;4m336&amp#27;[0m &amp#27;[38;5;4m338&amp#27;[0m &amp#27;[38;5;4m340&amp#27;[0m                 
                    &amp#27;[38;5;4m360&amp#27;[0m &amp#27;[38;5;4m362&amp#27;[0m &amp#27;[38;5;4m364&amp#27;[0m                    
                      &amp#27;[38;5;4m386&amp#27;[0m &amp#27;[38;5;4m388&amp#27;[0m                     
                        &amp#27;[38;5;4m412&amp#27;[0m                        
]]></system-out>
  </testcase>
  <testcase name="pointsAmountOnBoard" classname="studia.Board.BoardTest" time="0.004"/>
</testsuite>